[SYS] 2025/01/26 - 01:32:19 | One API v0.6.8 started 
[SYS] 2025/01/26 - 01:32:19 | using MySQL as database 
[SYS] 2025/01/26 - 01:32:20 | database migration started 
[SYS] 2025/01/26 - 01:32:48 | database migrated 
[SYS] 2025/01/26 - 01:32:48 | REDIS_CONN_STRING not set, Redis is not enabled 
[SYS] 2025/01/26 - 01:32:49 | using theme berry 
[SYS] 2025/01/26 - 01:32:49 | initializing token encoders 
[SYS] 2025/01/26 - 01:32:49 | token encoders initialized 
[SYS] 2025/01/26 - 01:32:49 | server started on http://localhost:3000 
[SYS] 2025/01/26 - 04:27:16 | One API v0.6.8 started 
[SYS] 2025/01/26 - 04:27:16 | using MySQL as database 
[SYS] 2025/01/26 - 04:27:17 | database migration started 
[SYS] 2025/01/26 - 04:28:02 | database migrated 
[SYS] 2025/01/26 - 04:28:03 | REDIS_CONN_STRING not set, Redis is not enabled 
[SYS] 2025/01/26 - 04:28:03 | using theme berry 
[SYS] 2025/01/26 - 04:28:03 | initializing token encoders 
[SYS] 2025/01/26 - 04:28:04 | token encoders initialized 
[SYS] 2025/01/26 - 04:28:04 | server started on http://localhost:3000 
[GIN] 2025/01/26 - 04:56:07 | 2025012604560723813144583327170 | 200 |   24.221629ms |       127.0.0.1 |     GET /
[GIN] 2025/01/26 - 04:56:15 | 2025012604561527308919692911228 | 200 |      96.184µs |       127.0.0.1 | OPTIONS /
[GIN] 2025/01/26 - 04:57:31 | 202501260457314355771933743814 | 200 |     125.609µs |       127.0.0.1 |     GET /nice ports,/Trinity.txt.bak
[SYS] 2025/01/26 - 07:40:48 | One API v0.6.8 started 
[SYS] 2025/01/26 - 07:40:48 | using MySQL as database 
[SYS] 2025/01/26 - 07:40:50 | database migration started 
[SYS] 2025/01/26 - 07:41:35 | database migrated 
[SYS] 2025/01/26 - 07:41:36 | REDIS_CONN_STRING not set, Redis is not enabled 
[SYS] 2025/01/26 - 07:41:36 | using theme berry 
[SYS] 2025/01/26 - 07:41:36 | initializing token encoders 
[SYS] 2025/01/26 - 07:41:37 | token encoders initialized 
[SYS] 2025/01/26 - 07:41:37 | server started on http://localhost:3000 
[GIN] 2025/01/26 - 08:07:19 | 202501260807194763344261034326 | 200 |  138.226659ms |       127.0.0.1 |     GET /
[GIN] 2025/01/26 - 08:07:25 | 2025012608072577416213297454148 | 200 |      4.2679ms |       127.0.0.1 |     GET /
[GIN] 2025/01/26 - 08:07:27 | 2025012608072710563316771136877 | 200 |    9.741453ms |       127.0.0.1 |     GET /favicon.ico
[GIN] 2025/01/26 - 08:07:29 | 2025012608072924831612575633777 | 200 |     246.536µs |       127.0.0.1 |     PRI *
[GIN] 2025/01/26 - 09:20:49 | 2025012609204688248619079905456 | 200 |  2.928506221s |       127.0.0.1 |     GET /v1/models
[SYS] 2025/01/26 - 10:44:14 | One API v0.6.8 started 
[SYS] 2025/01/26 - 10:44:14 | using MySQL as database 
[SYS] 2025/01/26 - 10:44:15 | database migration started 
[SYS] 2025/01/26 - 10:44:55 | database migrated 
[SYS] 2025/01/26 - 10:44:56 | REDIS_CONN_STRING not set, Redis is not enabled 
[SYS] 2025/01/26 - 10:44:56 | using theme berry 
[SYS] 2025/01/26 - 10:44:56 | initializing token encoders 
[SYS] 2025/01/26 - 10:44:57 | token encoders initialized 
[SYS] 2025/01/26 - 10:44:57 | server started on http://localhost:3000 
[GIN] 2025/01/26 - 11:02:16 | 2025012611021672332130862055436 | 200 |    8.948072ms |       127.0.0.1 |     GET /
[SYS] 2025/01/26 - 12:34:49 | One API v0.6.8 started 
[SYS] 2025/01/26 - 12:34:49 | using MySQL as database 
[SYS] 2025/01/26 - 12:34:49 | database migration started 
[SYS] 2025/01/26 - 12:34:53 | database migrated 
[SYS] 2025/01/26 - 12:34:53 | REDIS_CONN_STRING not set, Redis is not enabled 
[SYS] 2025/01/26 - 12:34:53 | using theme berry 
[SYS] 2025/01/26 - 12:34:53 | initializing token encoders 
[SYS] 2025/01/26 - 12:34:54 | token encoders initialized 
[SYS] 2025/01/26 - 12:34:54 | server started on http://localhost:3000 
[GIN] 2025/01/26 - 14:47:40 | 2025012614473557783955496523713 | 200 |  4.514778847s |       127.0.0.1 |     GET /v1/models
[SYS] 2025/01/26 - 16:47:09 | One API v0.6.8 started 
[SYS] 2025/01/26 - 16:47:09 | using MySQL as database 
[SYS] 2025/01/26 - 16:47:10 | database migration started 
[SYS] 2025/01/26 - 16:47:41 | database migrated 
[SYS] 2025/01/26 - 16:47:42 | REDIS_CONN_STRING not set, Redis is not enabled 
[SYS] 2025/01/26 - 16:47:42 | using theme berry 
[SYS] 2025/01/26 - 16:47:42 | initializing token encoders 
[SYS] 2025/01/26 - 16:47:43 | token encoders initialized 
[SYS] 2025/01/26 - 16:47:43 | server started on http://localhost:3000 
[SYS] 2025/01/26 - 18:44:48 | One API v0.6.8 started 
[SYS] 2025/01/26 - 18:44:48 | using MySQL as database 
[SYS] 2025/01/26 - 18:44:49 | database migration started 
[SYS] 2025/01/26 - 18:45:17 | database migrated 
[SYS] 2025/01/26 - 18:45:17 | REDIS_CONN_STRING not set, Redis is not enabled 
[SYS] 2025/01/26 - 18:45:18 | using theme berry 
[SYS] 2025/01/26 - 18:45:18 | initializing token encoders 
[SYS] 2025/01/26 - 18:45:18 | token encoders initialized 
[SYS] 2025/01/26 - 18:45:18 | server started on http://localhost:3000 
[SYS] 2025/01/26 - 23:08:54 | One API v0.6.8 started 
[SYS] 2025/01/26 - 23:08:54 | using MySQL as database 
[SYS] 2025/01/26 - 23:08:55 | database migration started 
[SYS] 2025/01/26 - 23:09:23 | database migrated 
[SYS] 2025/01/26 - 23:09:23 | REDIS_CONN_STRING not set, Redis is not enabled 
[SYS] 2025/01/26 - 23:09:24 | using theme berry 
[SYS] 2025/01/26 - 23:09:24 | initializing token encoders 
[SYS] 2025/01/26 - 23:09:24 | token encoders initialized 
[SYS] 2025/01/26 - 23:09:24 | server started on http://localhost:3000 
