[SYS] 2025/01/21 - 02:11:04 | One API v0.6.8 started 
[SYS] 2025/01/21 - 02:11:04 | using MySQL as database 
[SYS] 2025/01/21 - 02:11:05 | database migration started 
[SYS] 2025/01/21 - 02:11:50 | database migrated 
[SYS] 2025/01/21 - 02:11:50 | REDIS_CONN_STRING not set, Redis is not enabled 
[SYS] 2025/01/21 - 02:11:50 | using theme berry 
[SYS] 2025/01/21 - 02:11:50 | initializing token encoders 
[SYS] 2025/01/21 - 02:11:51 | token encoders initialized 
[SYS] 2025/01/21 - 02:11:51 | server started on http://localhost:3000 
[GIN] 2025/01/21 - 03:04:57 | 2025012103045771647561975988172 | 200 |     2.24442ms |       127.0.0.1 |     GET /csrf-token
[GIN] 2025/01/21 - 04:30:02 | 2025012104300276428554414245131 | 200 |   76.730444ms |       127.0.0.1 |     GET /
[GIN] 2025/01/21 - 04:35:03 | 2025012104350376646741821215057 | 200 |     653.155µs |       127.0.0.1 |     GET /
[GIN] 2025/01/21 - 05:29:56 | 2025012105295656872463519046622 | 200 |    3.317829ms |       127.0.0.1 |     GET /
[SYS] 2025/01/21 - 06:10:18 | One API v0.6.8 started 
[SYS] 2025/01/21 - 06:10:18 | using MySQL as database 
[SYS] 2025/01/21 - 06:10:18 | database migration started 
[SYS] 2025/01/21 - 06:10:30 | database migrated 
[SYS] 2025/01/21 - 06:10:30 | REDIS_CONN_STRING not set, Redis is not enabled 
[SYS] 2025/01/21 - 06:10:30 | using theme berry 
[SYS] 2025/01/21 - 06:10:30 | initializing token encoders 
[SYS] 2025/01/21 - 06:10:31 | token encoders initialized 
[SYS] 2025/01/21 - 06:10:31 | server started on http://localhost:3000 
[GIN] 2025/01/21 - 07:14:26 | 2025012107142653817544681933954 | 200 |   28.779623ms |       127.0.0.1 |     GET /
[GIN] 2025/01/21 - 07:14:30 | 2025012107143087871556209888210 | 200 |    1.060597ms |       127.0.0.1 |     GET /
[GIN] 2025/01/21 - 07:14:31 | 2025012107143184581915425451164 | 200 |    4.261577ms |       127.0.0.1 |     GET /favicon.ico
[GIN] 2025/01/21 - 07:14:32 | 2025012107143257747562401596159 | 200 |     228.737µs |       127.0.0.1 |     PRI *
[SYS] 2025/01/21 - 10:14:50 | One API v0.6.8 started 
[SYS] 2025/01/21 - 10:14:50 | using MySQL as database 
[SYS] 2025/01/21 - 10:14:52 | database migration started 
[SYS] 2025/01/21 - 10:15:30 | database migrated 
[SYS] 2025/01/21 - 10:15:30 | REDIS_CONN_STRING not set, Redis is not enabled 
[SYS] 2025/01/21 - 10:15:31 | using theme berry 
[SYS] 2025/01/21 - 10:15:31 | initializing token encoders 
[SYS] 2025/01/21 - 10:15:31 | token encoders initialized 
[SYS] 2025/01/21 - 10:15:31 | server started on http://localhost:3000 
[SYS] 2025/01/21 - 14:04:07 | One API v0.6.8 started 
[SYS] 2025/01/21 - 14:04:07 | using MySQL as database 
[SYS] 2025/01/21 - 14:04:11 | database migration started 
[SYS] 2025/01/21 - 14:04:56 | database migrated 
[SYS] 2025/01/21 - 14:04:57 | REDIS_CONN_STRING not set, Redis is not enabled 
[SYS] 2025/01/21 - 14:04:57 | using theme berry 
[SYS] 2025/01/21 - 14:04:57 | initializing token encoders 
[SYS] 2025/01/21 - 14:04:58 | token encoders initialized 
[SYS] 2025/01/21 - 14:04:58 | server started on http://localhost:3000 
[GIN] 2025/01/21 - 14:46:16 | 202501211446166309951392546951 | 200 |   12.675738ms |       127.0.0.1 |     GET /
[SYS] 2025/01/21 - 17:45:04 | One API v0.6.8 started 
[SYS] 2025/01/21 - 17:45:04 | using MySQL as database 
[SYS] 2025/01/21 - 17:45:04 | database migration started 
[SYS] 2025/01/21 - 17:45:14 | database migrated 
[SYS] 2025/01/21 - 17:45:14 | REDIS_CONN_STRING not set, Redis is not enabled 
[SYS] 2025/01/21 - 17:45:14 | using theme berry 
[SYS] 2025/01/21 - 17:45:14 | initializing token encoders 
[SYS] 2025/01/21 - 17:45:15 | token encoders initialized 
[SYS] 2025/01/21 - 17:45:15 | server started on http://localhost:3000 
