[SYS] 2025/01/22 - 02:03:54 | One API v0.6.8 started 
[SYS] 2025/01/22 - 02:03:54 | using MySQL as database 
[SYS] 2025/01/22 - 02:03:55 | database migration started 
[SYS] 2025/01/22 - 02:04:34 | database migrated 
[SYS] 2025/01/22 - 02:04:34 | REDIS_CONN_STRING not set, Redis is not enabled 
[SYS] 2025/01/22 - 02:04:35 | using theme berry 
[SYS] 2025/01/22 - 02:04:35 | initializing token encoders 
[SYS] 2025/01/22 - 02:04:35 | token encoders initialized 
[SYS] 2025/01/22 - 02:04:35 | server started on http://localhost:3000 
[SYS] 2025/01/22 - 05:42:49 | One API v0.6.8 started 
[SYS] 2025/01/22 - 05:42:49 | using MySQL as database 
[SYS] 2025/01/22 - 05:42:50 | database migration started 
[SYS] 2025/01/22 - 05:43:34 | database migrated 
[SYS] 2025/01/22 - 05:43:35 | REDIS_CONN_STRING not set, Redis is not enabled 
[SYS] 2025/01/22 - 05:43:35 | using theme berry 
[SYS] 2025/01/22 - 05:43:35 | initializing token encoders 
[SYS] 2025/01/22 - 05:43:36 | token encoders initialized 
[SYS] 2025/01/22 - 05:43:36 | server started on http://localhost:3000 
[SYS] 2025/01/22 - 09:00:55 | One API v0.6.8 started 
[SYS] 2025/01/22 - 09:00:55 | using MySQL as database 
[SYS] 2025/01/22 - 09:00:57 | database migration started 
[SYS] 2025/01/22 - 09:01:42 | database migrated 
[SYS] 2025/01/22 - 09:01:42 | REDIS_CONN_STRING not set, Redis is not enabled 
[SYS] 2025/01/22 - 09:01:43 | using theme berry 
[SYS] 2025/01/22 - 09:01:43 | initializing token encoders 
[SYS] 2025/01/22 - 09:01:44 | token encoders initialized 
[SYS] 2025/01/22 - 09:01:44 | server started on http://localhost:3000 
[GIN] 2025/01/22 - 10:21:51 | 2025012210215173352680110218251 | 200 |   37.378098ms |       127.0.0.1 |     GET /
[GIN] 2025/01/22 - 10:22:23 | 2025012210222318904048789360282 | 200 |    3.678991ms |       127.0.0.1 |     GET /
[GIN] 2025/01/22 - 10:43:11 | 2025012210431121759435453178192 | 200 |   14.630624ms |       127.0.0.1 |     GET /
[GIN] 2025/01/22 - 10:50:08 | 2025012210500826815626445280628 | 200 |   22.037692ms |       127.0.0.1 |     GET /favicon.ico
[SYS] 2025/01/22 - 12:34:53 | One API v0.6.8 started 
[SYS] 2025/01/22 - 12:34:53 | using MySQL as database 
[SYS] 2025/01/22 - 12:34:55 | database migration started 
[SYS] 2025/01/22 - 12:35:52 | database migrated 
[SYS] 2025/01/22 - 12:35:53 | REDIS_CONN_STRING not set, Redis is not enabled 
[SYS] 2025/01/22 - 12:35:54 | using theme berry 
[SYS] 2025/01/22 - 12:35:54 | initializing token encoders 
[SYS] 2025/01/22 - 12:35:54 | token encoders initialized 
[SYS] 2025/01/22 - 12:35:54 | server started on http://localhost:3000 
[GIN] 2025/01/22 - 14:54:10 | 2025012214541091132497288949654 | 200 |   14.473795ms |       127.0.0.1 |     GET /
[GIN] 2025/01/22 - 15:01:07 | 20250122150107443643720910225 | 200 |     276.682µs |       127.0.0.1 |     GET /favicon.ico
[SYS] 2025/01/22 - 15:45:56 | CacheGetTokenByKey failed: record not found 
[ERR] 2025/01/22 - 15:45:56 | 2025012215455387546587308910947 | 无效的令牌 
[GIN] 2025/01/22 - 15:45:56 | 2025012215455387546587308910947 | 401 |  2.286247417s |       127.0.0.1 |     GET /v1/models
[SYS] 2025/01/22 - 16:22:47 | One API v0.6.8 started 
[SYS] 2025/01/22 - 16:22:47 | using MySQL as database 
[SYS] 2025/01/22 - 16:22:48 | database migration started 
[SYS] 2025/01/22 - 16:23:04 | database migrated 
[SYS] 2025/01/22 - 16:23:04 | REDIS_CONN_STRING not set, Redis is not enabled 
[SYS] 2025/01/22 - 16:23:04 | using theme berry 
[SYS] 2025/01/22 - 16:23:04 | initializing token encoders 
[SYS] 2025/01/22 - 16:23:05 | token encoders initialized 
[SYS] 2025/01/22 - 16:23:05 | server started on http://localhost:3000 
[SYS] 2025/01/22 - 17:52:37 | CacheGetTokenByKey failed: record not found 
[ERR] 2025/01/22 - 17:52:37 | 2025012217523733883536086173562 | 无效的令牌 
[GIN] 2025/01/22 - 17:52:37 | 2025012217523733883536086173562 | 401 |  155.777251ms |       127.0.0.1 |     GET /v1/models
[SYS] 2025/01/22 - 17:56:07 | CacheGetTokenByKey failed: record not found 
[ERR] 2025/01/22 - 17:56:07 | 2025012217560724169643284945420 | 无效的令牌 
[GIN] 2025/01/22 - 17:56:07 | 2025012217560724169643284945420 | 401 |  319.386738ms |       127.0.0.1 |     GET /v1/models
